[2023-05-07 02:00:04,612] INFO Terminating process due to signal SIGTERM (org.apache.kafka.common.utils.LoggingSignalHandler)
[2023-05-07 02:00:04,616] INFO [KafkaServer id=0] shutting down (kafka.server.KafkaServer)
[2023-05-07 02:00:04,617] INFO [KafkaServer id=0] Starting controlled shutdown (kafka.server.KafkaServer)
[2023-05-07 02:00:04,644] INFO [KafkaServer id=0] Controlled shutdown request returned successfully after 19ms (kafka.server.KafkaServer)
[2023-05-07 02:00:04,658] INFO [/config/changes-event-process-thread]: Shutting down (kafka.common.ZkNodeChangeNotificationListener$ChangeEventProcessThread)
[2023-05-07 02:00:04,659] INFO [/config/changes-event-process-thread]: Stopped (kafka.common.ZkNodeChangeNotificationListener$ChangeEventProcessThread)
[2023-05-07 02:00:04,659] INFO [/config/changes-event-process-thread]: Shutdown completed (kafka.common.ZkNodeChangeNotificationListener$ChangeEventProcessThread)
[2023-05-07 02:00:04,660] INFO [SocketServer listenerType=ZK_BROKER, nodeId=0] Stopping socket server request processors (kafka.network.SocketServer)
[2023-05-07 02:00:04,667] INFO [BrokerToControllerChannelManager broker=0 name=forwarding] Node 0 disconnected. (org.apache.kafka.clients.NetworkClient)
[2023-05-07 02:00:04,697] INFO [SocketServer listenerType=ZK_BROKER, nodeId=0] Stopped socket server request processors (kafka.network.SocketServer)
[2023-05-07 02:00:04,705] INFO [data-plane Kafka Request Handler on Broker 0], shutting down (kafka.server.KafkaRequestHandlerPool)
[2023-05-07 02:00:04,730] INFO [data-plane Kafka Request Handler on Broker 0], shut down completely (kafka.server.KafkaRequestHandlerPool)
[2023-05-07 02:00:04,738] INFO [ExpirationReaper-0-AlterAcls]: Shutting down (kafka.server.DelayedOperationPurgatory$ExpiredOperationReaper)
[2023-05-07 02:00:04,762] INFO [ExpirationReaper-0-AlterAcls]: Stopped (kafka.server.DelayedOperationPurgatory$ExpiredOperationReaper)
[2023-05-07 02:00:04,762] INFO [ExpirationReaper-0-AlterAcls]: Shutdown completed (kafka.server.DelayedOperationPurgatory$ExpiredOperationReaper)
[2023-05-07 02:00:04,763] INFO [KafkaApi-0] Shutdown complete. (kafka.server.KafkaApis)
[2023-05-07 02:00:04,764] INFO [ExpirationReaper-0-topic]: Shutting down (kafka.server.DelayedOperationPurgatory$ExpiredOperationReaper)
[2023-05-07 02:00:04,767] INFO [ExpirationReaper-0-topic]: Stopped (kafka.server.DelayedOperationPurgatory$ExpiredOperationReaper)
[2023-05-07 02:00:04,767] INFO [ExpirationReaper-0-topic]: Shutdown completed (kafka.server.DelayedOperationPurgatory$ExpiredOperationReaper)
[2023-05-07 02:00:04,769] INFO [TransactionCoordinator id=0] Shutting down. (kafka.coordinator.transaction.TransactionCoordinator)
[2023-05-07 02:00:04,773] INFO [Transaction State Manager 0]: Shutdown complete (kafka.coordinator.transaction.TransactionStateManager)
[2023-05-07 02:00:04,773] INFO [Transaction Marker Channel Manager 0]: Shutting down (kafka.coordinator.transaction.TransactionMarkerChannelManager)
[2023-05-07 02:00:04,773] INFO [Transaction Marker Channel Manager 0]: Stopped (kafka.coordinator.transaction.TransactionMarkerChannelManager)
[2023-05-07 02:00:04,773] INFO [Transaction Marker Channel Manager 0]: Shutdown completed (kafka.coordinator.transaction.TransactionMarkerChannelManager)
[2023-05-07 02:00:04,780] INFO [TransactionCoordinator id=0] Shutdown complete. (kafka.coordinator.transaction.TransactionCoordinator)
[2023-05-07 02:00:04,780] INFO [GroupCoordinator 0]: Shutting down. (kafka.coordinator.group.GroupCoordinator)
[2023-05-07 02:00:04,784] INFO [ExpirationReaper-0-Heartbeat]: Shutting down (kafka.server.DelayedOperationPurgatory$ExpiredOperationReaper)
[2023-05-07 02:00:04,784] INFO [ExpirationReaper-0-Heartbeat]: Stopped (kafka.server.DelayedOperationPurgatory$ExpiredOperationReaper)
[2023-05-07 02:00:04,784] INFO [ExpirationReaper-0-Heartbeat]: Shutdown completed (kafka.server.DelayedOperationPurgatory$ExpiredOperationReaper)
[2023-05-07 02:00:04,785] INFO [ExpirationReaper-0-Rebalance]: Shutting down (kafka.server.DelayedOperationPurgatory$ExpiredOperationReaper)
[2023-05-07 02:00:04,785] INFO [ExpirationReaper-0-Rebalance]: Stopped (kafka.server.DelayedOperationPurgatory$ExpiredOperationReaper)
[2023-05-07 02:00:04,790] INFO [ExpirationReaper-0-Rebalance]: Shutdown completed (kafka.server.DelayedOperationPurgatory$ExpiredOperationReaper)
[2023-05-07 02:00:04,791] INFO [GroupCoordinator 0]: Shutdown complete. (kafka.coordinator.group.GroupCoordinator)
[2023-05-07 02:00:04,793] INFO [ReplicaManager broker=0] Shutting down (kafka.server.ReplicaManager)
[2023-05-07 02:00:04,796] INFO [LogDirFailureHandler]: Shutting down (kafka.server.ReplicaManager$LogDirFailureHandler)
[2023-05-07 02:00:04,797] INFO [LogDirFailureHandler]: Stopped (kafka.server.ReplicaManager$LogDirFailureHandler)
[2023-05-07 02:00:04,797] INFO [LogDirFailureHandler]: Shutdown completed (kafka.server.ReplicaManager$LogDirFailureHandler)
[2023-05-07 02:00:04,798] INFO [ReplicaFetcherManager on broker 0] shutting down (kafka.server.ReplicaFetcherManager)
[2023-05-07 02:00:04,800] INFO [ReplicaFetcherManager on broker 0] shutdown completed (kafka.server.ReplicaFetcherManager)
[2023-05-07 02:00:04,810] INFO [ReplicaAlterLogDirsManager on broker 0] shutting down (kafka.server.ReplicaAlterLogDirsManager)
[2023-05-07 02:00:04,810] INFO [ReplicaAlterLogDirsManager on broker 0] shutdown completed (kafka.server.ReplicaAlterLogDirsManager)
[2023-05-07 02:00:04,812] INFO [ExpirationReaper-0-Fetch]: Shutting down (kafka.server.DelayedOperationPurgatory$ExpiredOperationReaper)
[2023-05-07 02:00:04,813] INFO [ExpirationReaper-0-Fetch]: Stopped (kafka.server.DelayedOperationPurgatory$ExpiredOperationReaper)
[2023-05-07 02:00:04,813] INFO [ExpirationReaper-0-Fetch]: Shutdown completed (kafka.server.DelayedOperationPurgatory$ExpiredOperationReaper)
[2023-05-07 02:00:04,815] INFO [ExpirationReaper-0-Produce]: Shutting down (kafka.server.DelayedOperationPurgatory$ExpiredOperationReaper)
[2023-05-07 02:00:04,819] INFO [ExpirationReaper-0-Produce]: Stopped (kafka.server.DelayedOperationPurgatory$ExpiredOperationReaper)
[2023-05-07 02:00:04,819] INFO [ExpirationReaper-0-Produce]: Shutdown completed (kafka.server.DelayedOperationPurgatory$ExpiredOperationReaper)
[2023-05-07 02:00:04,819] INFO [ExpirationReaper-0-DeleteRecords]: Shutting down (kafka.server.DelayedOperationPurgatory$ExpiredOperationReaper)
[2023-05-07 02:00:04,833] INFO [ExpirationReaper-0-DeleteRecords]: Stopped (kafka.server.DelayedOperationPurgatory$ExpiredOperationReaper)
[2023-05-07 02:00:04,833] INFO [ExpirationReaper-0-DeleteRecords]: Shutdown completed (kafka.server.DelayedOperationPurgatory$ExpiredOperationReaper)
[2023-05-07 02:00:04,834] INFO [ExpirationReaper-0-ElectLeader]: Shutting down (kafka.server.DelayedOperationPurgatory$ExpiredOperationReaper)
[2023-05-07 02:00:04,872] INFO [ExpirationReaper-0-ElectLeader]: Stopped (kafka.server.DelayedOperationPurgatory$ExpiredOperationReaper)
[2023-05-07 02:00:04,872] INFO [ExpirationReaper-0-ElectLeader]: Shutdown completed (kafka.server.DelayedOperationPurgatory$ExpiredOperationReaper)
[2023-05-07 02:00:04,879] INFO [ReplicaManager broker=0] Shut down completely (kafka.server.ReplicaManager)
[2023-05-07 02:00:04,879] INFO [BrokerToControllerChannelManager broker=0 name=alterPartition]: Shutting down (kafka.server.BrokerToControllerRequestThread)
[2023-05-07 02:00:04,879] INFO [BrokerToControllerChannelManager broker=0 name=alterPartition]: Stopped (kafka.server.BrokerToControllerRequestThread)
[2023-05-07 02:00:04,879] INFO [BrokerToControllerChannelManager broker=0 name=alterPartition]: Shutdown completed (kafka.server.BrokerToControllerRequestThread)
[2023-05-07 02:00:04,883] INFO Broker to controller channel manager for alterPartition shutdown (kafka.server.BrokerToControllerChannelManagerImpl)
[2023-05-07 02:00:04,884] INFO [BrokerToControllerChannelManager broker=0 name=forwarding]: Shutting down (kafka.server.BrokerToControllerRequestThread)
[2023-05-07 02:00:04,884] INFO [BrokerToControllerChannelManager broker=0 name=forwarding]: Stopped (kafka.server.BrokerToControllerRequestThread)
[2023-05-07 02:00:04,894] INFO [BrokerToControllerChannelManager broker=0 name=forwarding]: Shutdown completed (kafka.server.BrokerToControllerRequestThread)
[2023-05-07 02:00:04,895] INFO Broker to controller channel manager for forwarding shutdown (kafka.server.BrokerToControllerChannelManagerImpl)
[2023-05-07 02:00:04,896] INFO Shutting down. (kafka.log.LogManager)
[2023-05-07 02:00:04,979] WARN Session 0x1000388dfa10000 for sever localhost/127.0.0.1:2181, Closing socket connection. Attempting reconnect except it is a SessionExpiredException. (org.apache.zookeeper.ClientCnxn)
EndOfStreamException: Unable to read additional data from server sessionid 0x1000388dfa10000, likely server has closed socket
	at org.apache.zookeeper.ClientCnxnSocketNIO.doIO(ClientCnxnSocketNIO.java:77)
	at org.apache.zookeeper.ClientCnxnSocketNIO.doTransport(ClientCnxnSocketNIO.java:350)
	at org.apache.zookeeper.ClientCnxn$SendThread.run(ClientCnxn.java:1290)
[2023-05-07 02:00:04,989] INFO [ProducerStateManager partition=__consumer_offsets-13] Wrote producer snapshot at offset 966 with 0 producer ids in 4 ms. (kafka.log.ProducerStateManager)
[2023-05-07 02:00:05,037] INFO [ProducerStateManager partition=coffee_price-0] Wrote producer snapshot at offset 382 with 382 producer ids in 19 ms. (kafka.log.ProducerStateManager)
[2023-05-07 02:00:05,057] INFO [ProducerStateManager partition=__consumer_offsets-32] Wrote producer snapshot at offset 237 with 0 producer ids in 4 ms. (kafka.log.ProducerStateManager)
[2023-05-07 02:00:05,097] INFO [ProducerStateManager partition=coffee_price-1] Wrote producer snapshot at offset 53 with 53 producer ids in 2 ms. (kafka.log.ProducerStateManager)
[2023-05-07 02:00:05,143] INFO [ProducerStateManager partition=__consumer_offsets-4] Wrote producer snapshot at offset 236 with 0 producer ids in 3 ms. (kafka.log.ProducerStateManager)
[2023-05-07 02:00:05,161] INFO [ProducerStateManager partition=__consumer_offsets-5] Wrote producer snapshot at offset 834 with 0 producer ids in 2 ms. (kafka.log.ProducerStateManager)
[2023-05-07 02:00:05,188] INFO [ProducerStateManager partition=coffee_sales-0] Wrote producer snapshot at offset 265 with 0 producer ids in 1 ms. (kafka.log.ProducerStateManager)
[2023-05-07 02:00:05,202] INFO [ProducerStateManager partition=coffee_price-2] Wrote producer snapshot at offset 795 with 795 producer ids in 12 ms. (kafka.log.ProducerStateManager)
[2023-05-07 02:00:05,229] INFO Shutdown complete. (kafka.log.LogManager)
[2023-05-07 02:00:05,264] INFO [feature-zk-node-event-process-thread]: Shutting down (kafka.server.FinalizedFeatureChangeListener$ChangeNotificationProcessorThread)
[2023-05-07 02:00:05,264] INFO [feature-zk-node-event-process-thread]: Stopped (kafka.server.FinalizedFeatureChangeListener$ChangeNotificationProcessorThread)
[2023-05-07 02:00:05,264] INFO [feature-zk-node-event-process-thread]: Shutdown completed (kafka.server.FinalizedFeatureChangeListener$ChangeNotificationProcessorThread)
[2023-05-07 02:00:05,265] INFO [ZooKeeperClient Kafka server] Closing. (kafka.zookeeper.ZooKeeperClient)
[2023-05-07 02:00:06,537] INFO Opening socket connection to server localhost/127.0.0.1:2181. (org.apache.zookeeper.ClientCnxn)
[2023-05-07 02:00:06,538] WARN An exception was thrown while closing send thread for session 0x1000388dfa10000. (org.apache.zookeeper.ClientCnxn)
java.net.ConnectException: Conexão recusada
	at java.base/sun.nio.ch.Net.pollConnect(Native Method)
	at java.base/sun.nio.ch.Net.pollConnectNow(Net.java:672)
	at java.base/sun.nio.ch.SocketChannelImpl.finishConnect(SocketChannelImpl.java:946)
	at org.apache.zookeeper.ClientCnxnSocketNIO.doTransport(ClientCnxnSocketNIO.java:344)
	at org.apache.zookeeper.ClientCnxn$SendThread.run(ClientCnxn.java:1290)
[2023-05-07 02:00:06,644] INFO Session: 0x1000388dfa10000 closed (org.apache.zookeeper.ZooKeeper)
[2023-05-07 02:00:06,644] INFO EventThread shut down for session: 0x1000388dfa10000 (org.apache.zookeeper.ClientCnxn)
[2023-05-07 02:00:06,645] INFO [ZooKeeperClient Kafka server] Closed. (kafka.zookeeper.ZooKeeperClient)
[2023-05-07 02:00:06,646] INFO [ThrottledChannelReaper-Fetch]: Shutting down (kafka.server.ClientQuotaManager$ThrottledChannelReaper)
[2023-05-07 02:00:06,650] INFO [ThrottledChannelReaper-Fetch]: Shutdown completed (kafka.server.ClientQuotaManager$ThrottledChannelReaper)
[2023-05-07 02:00:06,650] INFO [ThrottledChannelReaper-Produce]: Shutting down (kafka.server.ClientQuotaManager$ThrottledChannelReaper)
[2023-05-07 02:00:06,651] INFO [ThrottledChannelReaper-Produce]: Stopped (kafka.server.ClientQuotaManager$ThrottledChannelReaper)
[2023-05-07 02:00:06,650] INFO [ThrottledChannelReaper-Fetch]: Stopped (kafka.server.ClientQuotaManager$ThrottledChannelReaper)
[2023-05-07 02:00:06,651] INFO [ThrottledChannelReaper-Produce]: Shutdown completed (kafka.server.ClientQuotaManager$ThrottledChannelReaper)
[2023-05-07 02:00:06,652] INFO [ThrottledChannelReaper-Request]: Shutting down (kafka.server.ClientQuotaManager$ThrottledChannelReaper)
[2023-05-07 02:00:06,652] INFO [ThrottledChannelReaper-Request]: Stopped (kafka.server.ClientQuotaManager$ThrottledChannelReaper)
[2023-05-07 02:00:06,652] INFO [ThrottledChannelReaper-Request]: Shutdown completed (kafka.server.ClientQuotaManager$ThrottledChannelReaper)
[2023-05-07 02:00:06,652] INFO [ThrottledChannelReaper-ControllerMutation]: Shutting down (kafka.server.ClientQuotaManager$ThrottledChannelReaper)
[2023-05-07 02:00:06,652] INFO [ThrottledChannelReaper-ControllerMutation]: Stopped (kafka.server.ClientQuotaManager$ThrottledChannelReaper)
[2023-05-07 02:00:06,653] INFO [ThrottledChannelReaper-ControllerMutation]: Shutdown completed (kafka.server.ClientQuotaManager$ThrottledChannelReaper)
[2023-05-07 02:00:06,654] INFO [SocketServer listenerType=ZK_BROKER, nodeId=0] Shutting down socket server (kafka.network.SocketServer)
[2023-05-07 02:00:06,702] INFO [SocketServer listenerType=ZK_BROKER, nodeId=0] Shutdown completed (kafka.network.SocketServer)
[2023-05-07 02:00:06,703] INFO Metrics scheduler closed (org.apache.kafka.common.metrics.Metrics)
[2023-05-07 02:00:06,704] INFO Closing reporter org.apache.kafka.common.metrics.JmxReporter (org.apache.kafka.common.metrics.Metrics)
[2023-05-07 02:00:06,705] INFO Metrics reporters closed (org.apache.kafka.common.metrics.Metrics)
[2023-05-07 02:00:06,709] INFO Broker and topic stats closed (kafka.server.BrokerTopicStats)
[2023-05-07 02:00:06,710] INFO App info kafka.server for 0 unregistered (org.apache.kafka.common.utils.AppInfoParser)
[2023-05-07 02:00:06,711] INFO [KafkaServer id=0] shut down completed (kafka.server.KafkaServer)
